GeoSys-OUT: Output ------------------------------------------------
#OUTPUT
 $PCS_TYPE
   DEFORMATION_FLOW
 $NOD_VALUES
   STRAIN_PLS
   PRESSURE1   
   DISPLACEMENT_X1
   DISPLACEMENT_Y1
   DISPLACEMENT_Z1
   STRESS_XX
   STRESS_XY
   STRESS_XZ
   STRESS_YY
   STRESS_YZ
   STRESS_ZZ
   STRAIN_XX
   STRAIN_XY
   STRAIN_XZ
   STRAIN_YY
   STRAIN_YZ
   STRAIN_ZZ
   VELOCITY_X1
   VELOCITY_Y1
   VELOCITY_Z1
 $GEO_TYPE
   DOMAIN 
 $DAT_TYPE
   PVD
 $TIM_TYPE
   STEPS 25
#OUTPUT
  $NOD_VALUES
   STRAIN_PLS
   PRESSURE1
   STRESS_XX
   STRESS_YY
   STRESS_ZZ
   STRESS_XY
   STRESS_XZ
   STRESS_YZ
   VELOCITY_X1
   VELOCITY_Y1
   VELOCITY_Z1
   DISPLACEMENT_X1
   DISPLACEMENT_Y1
   DISPLACEMENT_Z1
  $GEO_TYPE
   POINT ANCHOR_BOT
  $DAT_TYPE
   TECPLOT
  $TIM_TYPE
   STEPS 1
#OUTPUT
  $NOD_VALUES
   STRAIN_PLS
   PRESSURE1
   STRESS_XX
   STRESS_YY
   STRESS_ZZ
   STRESS_XY
   STRESS_XZ
   STRESS_YZ
   VELOCITY_X1
   VELOCITY_Y1
   VELOCITY_Z1
   DISPLACEMENT_X1
   DISPLACEMENT_Y1
   DISPLACEMENT_Z1
  $GEO_TYPE
   POINT ANCHOR_TOP
  $DAT_TYPE
   TECPLOT
  $TIM_TYPE
   STEPS 1
#OUTPUT
  $NOD_VALUES
   STRAIN_PLS
   PRESSURE1
   STRESS_XX
   STRESS_YY
   STRESS_ZZ
   STRESS_XY
   STRESS_XZ
   STRESS_YZ
   VELOCITY_X1
   VELOCITY_Y1
   VELOCITY_Z1
   DISPLACEMENT_X1
   DISPLACEMENT_Y1
   DISPLACEMENT_Z1
  $GEO_TYPE
   POINT ANCHOR_BOT_25
  $DAT_TYPE
   TECPLOT
  $TIM_TYPE
   STEPS 1      
#OUTPUT
  $NOD_VALUES
   STRAIN_PLS
   PRESSURE1
   STRESS_XX
   STRESS_YY
   STRESS_ZZ
   STRESS_XY
   STRESS_XZ
   STRESS_YZ
   VELOCITY_X1
   VELOCITY_Y1
   VELOCITY_Z1
   DISPLACEMENT_X1
   DISPLACEMENT_Y1
   DISPLACEMENT_Z1
  $GEO_TYPE
   POINT ANCHOR_TOP_25
  $DAT_TYPE
   TECPLOT
  $TIM_TYPE
   STEPS 1   
#OUTPUT
  $NOD_VALUES
   STRAIN_PLS
   PRESSURE1
   STRESS_XX
   STRESS_YY
   STRESS_ZZ
   STRESS_XY
   STRESS_XZ
   STRESS_YZ
   VELOCITY_X1
   VELOCITY_Y1
   VELOCITY_Z1
   DISPLACEMENT_X1
   DISPLACEMENT_Y1
   DISPLACEMENT_Z1
  $GEO_TYPE
   POINT MONITORING2
  $DAT_TYPE
   TECPLOT
  $TIM_TYPE
   STEPS 1
#OUTPUT
  $NOD_VALUES
   STRAIN_PLS
   PRESSURE1
   STRESS_XX
   STRESS_YY
   STRESS_ZZ
   STRESS_XY
   STRESS_XZ
   STRESS_YZ
   VELOCITY_X1
   VELOCITY_Y1
   VELOCITY_Z1
   DISPLACEMENT_X1
   DISPLACEMENT_Y1
   DISPLACEMENT_Z1
  $GEO_TYPE
   POINT MONITORING3
  $DAT_TYPE
   TECPLOT
  $TIM_TYPE
   STEPS 1
#OUTPUT
 $NOD_VALUES
   STRAIN_PLS
   PRESSURE1
   STRESS_XX
   STRESS_YY
   STRESS_ZZ
   STRESS_XY
   STRESS_XZ
   STRESS_YZ
   VELOCITY_X1
   VELOCITY_Y1
   VELOCITY_Z1
   DISPLACEMENT_X1
   DISPLACEMENT_Y1
   DISPLACEMENT_Z1
 $GEO_TYPE
   POINT INJ_POINT_00
 $DAT_TYPE
   TECPLOT
 $TIM_TYPE
   STEPS 1   
#OUTPUT
 $NOD_VALUES
   STRAIN_PLS
   PRESSURE1
   STRESS_XX
   STRESS_YY
   STRESS_ZZ
   STRESS_XY
   STRESS_XZ
   STRESS_YZ
   VELOCITY_X1
   VELOCITY_Y1
   VELOCITY_Z1
   DISPLACEMENT_X1
   DISPLACEMENT_Y1
   DISPLACEMENT_Z1
 $GEO_TYPE
   POINT INJ_POINT_01
 $DAT_TYPE
   TECPLOT
 $TIM_TYPE
   STEPS 1   
#OUTPUT
 $NOD_VALUES
   STRAIN_PLS
   PRESSURE1
   STRESS_XX
   STRESS_YY
   STRESS_ZZ
   STRESS_XY
   STRESS_XZ
   STRESS_YZ
   VELOCITY_X1
   VELOCITY_Y1
   VELOCITY_Z1
   DISPLACEMENT_X1
   DISPLACEMENT_Y1
   DISPLACEMENT_Z1
 $GEO_TYPE
   POINT INJ_POINT_02
 $DAT_TYPE
   TECPLOT
 $TIM_TYPE
   STEPS 1   
#OUTPUT
 $NOD_VALUES
   STRAIN_PLS
   PRESSURE1
   STRESS_XX
   STRESS_YY
   STRESS_ZZ
   STRESS_XY
   STRESS_XZ
   STRESS_YZ
   VELOCITY_X1
   VELOCITY_Y1
   VELOCITY_Z1
   DISPLACEMENT_X1
   DISPLACEMENT_Y1
   DISPLACEMENT_Z1
 $GEO_TYPE
   POINT INJ_POINT_03
 $DAT_TYPE
   TECPLOT
 $TIM_TYPE
   STEPS 1
#OUTPUT
 $NOD_VALUES
   STRAIN_PLS
   PRESSURE1
   STRESS_XX
   STRESS_YY
   STRESS_ZZ
   STRESS_XY
   STRESS_XZ
   STRESS_YZ
   VELOCITY_X1
   VELOCITY_Y1
   VELOCITY_Z1
   DISPLACEMENT_X1
   DISPLACEMENT_Y1
   DISPLACEMENT_Z1
 $GEO_TYPE
   POINT INJ_POINT_04
 $DAT_TYPE
   TECPLOT
 $TIM_TYPE
   STEPS 1   
#OUTPUT
 $NOD_VALUES
   STRAIN_PLS
   PRESSURE1
   STRESS_XX
   STRESS_YY
   STRESS_ZZ
   STRESS_XY
   STRESS_XZ
   STRESS_YZ
   VELOCITY_X1
   VELOCITY_Y1
   VELOCITY_Z1
   DISPLACEMENT_X1
   DISPLACEMENT_Y1
   DISPLACEMENT_Z1
 $GEO_TYPE
   POINT INJ_POINT_05
 $DAT_TYPE
   TECPLOT
 $TIM_TYPE
   STEPS 1   
#OUTPUT
 $NOD_VALUES
   STRAIN_PLS
   PRESSURE1
   STRESS_XX
   STRESS_YY
   STRESS_ZZ
   STRESS_XY
   STRESS_XZ
   STRESS_YZ
   VELOCITY_X1
   VELOCITY_Y1
   VELOCITY_Z1
   DISPLACEMENT_X1
   DISPLACEMENT_Y1
   DISPLACEMENT_Z1
 $GEO_TYPE
   POINT INJ_POINT_10
 $DAT_TYPE
   TECPLOT
 $TIM_TYPE
   STEPS 1   
#OUTPUT
 $NOD_VALUES
   STRAIN_PLS
   PRESSURE1
   STRESS_XX
   STRESS_YY
   STRESS_ZZ
   STRESS_XY
   STRESS_XZ
   STRESS_YZ
   VELOCITY_X1
   VELOCITY_Y1
   VELOCITY_Z1
   DISPLACEMENT_X1
   DISPLACEMENT_Y1
   DISPLACEMENT_Z1
 $GEO_TYPE
   POINT INJ_POINT_11
 $DAT_TYPE
   TECPLOT
 $TIM_TYPE
   STEPS 1      
#OUTPUT
 $NOD_VALUES
   STRAIN_PLS
   PRESSURE1
   STRESS_XX
   STRESS_YY
   STRESS_ZZ
   STRESS_XY
   STRESS_XZ
   STRESS_YZ
   VELOCITY_X1
   VELOCITY_Y1
   VELOCITY_Z1
   DISPLACEMENT_X1
   DISPLACEMENT_Y1
   DISPLACEMENT_Z1
 $GEO_TYPE
   POINT INJ_POINT_12
 $DAT_TYPE
   TECPLOT
 $TIM_TYPE
   STEPS 1   
#OUTPUT
 $NOD_VALUES
   STRAIN_PLS
   PRESSURE1
   STRESS_XX
   STRESS_YY
   STRESS_ZZ
   STRESS_XY
   STRESS_XZ
   STRESS_YZ
   VELOCITY_X1
   VELOCITY_Y1
   VELOCITY_Z1
   DISPLACEMENT_X1
   DISPLACEMENT_Y1
   DISPLACEMENT_Z1
 $GEO_TYPE
   POINT INJ_POINT_13
 $DAT_TYPE
   TECPLOT
 $TIM_TYPE
   STEPS 1
#OUTPUT
 $NOD_VALUES
   STRAIN_PLS
   PRESSURE1
   STRESS_XX
   STRESS_YY
   STRESS_ZZ
   STRESS_XY
   STRESS_XZ
   STRESS_YZ
   VELOCITY_X1
   VELOCITY_Y1
   VELOCITY_Z1
   DISPLACEMENT_X1
   DISPLACEMENT_Y1
   DISPLACEMENT_Z1
 $GEO_TYPE
   POINT INJ_POINT_14
 $DAT_TYPE
   TECPLOT
 $TIM_TYPE
   STEPS 1   
#OUTPUT
 $NOD_VALUES
   STRAIN_PLS
   PRESSURE1
   STRESS_XX
   STRESS_YY
   STRESS_ZZ
   STRESS_XY
   STRESS_XZ
   STRESS_YZ
   VELOCITY_X1
   VELOCITY_Y1
   VELOCITY_Z1
   DISPLACEMENT_X1
   DISPLACEMENT_Y1
   DISPLACEMENT_Z1
 $GEO_TYPE
   POINT INJ_POINT_15
 $DAT_TYPE
   TECPLOT
 $TIM_TYPE
   STEPS 1   
#OUTPUT
 $NOD_VALUES
   STRAIN_PLS
   PRESSURE1
   STRESS_XX
   STRESS_YY
   STRESS_ZZ
   STRESS_XY
   STRESS_XZ
   STRESS_YZ
   VELOCITY_X1
   VELOCITY_Y1
   VELOCITY_Z1
   DISPLACEMENT_X1
   DISPLACEMENT_Y1
   DISPLACEMENT_Z1
 $GEO_TYPE
   POINT INJ_POINT_20
 $DAT_TYPE
   TECPLOT
 $TIM_TYPE
   STEPS 1   
#OUTPUT
 $NOD_VALUES
   STRAIN_PLS
   PRESSURE1
   STRESS_XX
   STRESS_YY
   STRESS_ZZ
   STRESS_XY
   STRESS_XZ
   STRESS_YZ
   VELOCITY_X1
   VELOCITY_Y1
   VELOCITY_Z1
   DISPLACEMENT_X1
   DISPLACEMENT_Y1
   DISPLACEMENT_Z1
 $GEO_TYPE
   POINT INJ_POINT_21
 $DAT_TYPE
   TECPLOT
 $TIM_TYPE
   STEPS 1   
#OUTPUT
 $NOD_VALUES
   STRAIN_PLS
   VELOCITY_X1
   VELOCITY_Y1
   VELOCITY_Z1 
   DISPLACEMENT_X1
   DISPLACEMENT_Y1
   DISPLACEMENT_Z1
   PRESSURE1   
   STRESS_XX
   STRESS_YY
   STRESS_ZZ
   STRESS_XY
   STRESS_XZ
   STRESS_YZ
  $GEO_TYPE
   POINT MP_18below
  $DAT_TYPE
   TECPLOT
  $TIM_TYPE
   STEPS 1
#OUTPUT
 $NOD_VALUES
   STRAIN_PLS
   VELOCITY_X1
   VELOCITY_Y1
   VELOCITY_Z1 
   DISPLACEMENT_X1
   DISPLACEMENT_Y1
   DISPLACEMENT_Z1
   PRESSURE1   
   STRESS_XX
   STRESS_YY
   STRESS_ZZ
   STRESS_XY
   STRESS_XZ
   STRESS_YZ
  $GEO_TYPE
   POINT MP_18above
  $DAT_TYPE
   TECPLOT
  $TIM_TYPE
   STEPS 1
#OUTPUT
  $NOD_VALUES
   STRAIN_PLS
   PRESSURE1
   STRESS_XX
   STRESS_YY
   STRESS_ZZ
   STRESS_XY
   STRESS_XZ
   STRESS_YZ
   VELOCITY_X1
   VELOCITY_Y1
   VELOCITY_Z1
   DISPLACEMENT_X1
   DISPLACEMENT_Y1
   DISPLACEMENT_Z1
  $GEO_TYPE
   POLYLINE DIP_Z_major
  $DAT_TYPE
   TECPLOT
  $TIM_TYPE
   STEPS 1 
#OUTPUT
  $NOD_VALUES
   STRAIN_PLS
   PRESSURE1
   STRESS_XX
   STRESS_YY
   STRESS_ZZ
   STRESS_XY
   STRESS_XZ
   STRESS_YZ
   VELOCITY_X1
   VELOCITY_Y1
   VELOCITY_Z1
   DISPLACEMENT_X1
   DISPLACEMENT_Y1
   DISPLACEMENT_Z1
  $GEO_TYPE
   POLYLINE STRIKE_Z_major
  $DAT_TYPE
   TECPLOT
  $TIM_TYPE
   STEPS 1 
#OUTPUT
  $NOD_VALUES
   STRAIN_PLS
   PRESSURE1
   STRESS_XX
   STRESS_YY
   STRESS_ZZ
   STRESS_XY
   STRESS_XZ
   STRESS_YZ
   VELOCITY_X1
   VELOCITY_Y1
   VELOCITY_Z1
   DISPLACEMENT_X1
   DISPLACEMENT_Y1
   DISPLACEMENT_Z1
  $GEO_TYPE
   POLYLINE DIP_Z_minor
  $DAT_TYPE
   TECPLOT
  $TIM_TYPE
   STEPS 1 
#OUTPUT
  $NOD_VALUES
   STRAIN_PLS
   PRESSURE1
   STRESS_XX
   STRESS_YY
   STRESS_ZZ
   STRESS_XY
   STRESS_XZ
   STRESS_YZ
   VELOCITY_X1
   VELOCITY_Y1
   VELOCITY_Z1
   DISPLACEMENT_X1
   DISPLACEMENT_Y1
   DISPLACEMENT_Z1
  $GEO_TYPE
   POLYLINE STRIKE_Z_minor
  $DAT_TYPE
   TECPLOT
  $TIM_TYPE
   STEPS 1 
#STOP


